#
# Call Trace Generated By Pin
#
.text
_dl_rtld_di_serinfo
__get_cpu_features
_dl_exception_free
_dl_catch_error
__get_cpu_features
__tunable_get_val
__tunable_get_val
__tunable_get_val
__tunable_get_val
_dl_catch_error
_dl_catch_error
.text
__get_cpu_features
_dl_rtld_di_serinfo
_dl_catch_error
calloc@plt
calloc
malloc
_dl_catch_error
_dl_rtld_di_serinfo
.text
_dl_catch_error
_dl_rtld_di_serinfo
_dl_rtld_di_serinfo
_dl_catch_error
calloc@plt
calloc
malloc
_dl_catch_error
_dl_rtld_di_serinfo
_dl_catch_error
malloc@plt
malloc
_dl_catch_error
_dl_rtld_di_serinfo
.text
__get_cpu_features
.text
_dl_rtld_di_serinfo
__tunable_get_val
_dl_catch_error
malloc@plt
malloc
_dl_catch_error
_dl_catch_error
_dl_catch_error
_dl_catch_error
_dl_catch_error
malloc@plt
malloc
malloc@plt
malloc
_dl_catch_error
_dl_catch_error
_dl_catch_error
_dl_catch_error
_dl_debug_state
_dl_mcount
_dl_debug_state
_dl_catch_error
_dl_rtld_di_serinfo
_dl_catch_error
_dl_catch_exception@plt
_dl_catch_exception
_dl_catch_error
_dl_rtld_di_serinfo
.text
_dl_debug_state
_dl_catch_error
_dl_catch_error
_dl_debug_state
_dl_catch_error
_dl_catch_error
_dl_catch_error
_dl_catch_error
_dl_debug_state
_dl_catch_error
_dl_catch_error
_dl_catch_error
_dl_catch_error
_dl_catch_error
_dl_exception_free
_dl_debug_state
_dl_catch_error
_dl_catch_error
_dl_catch_error
_dl_catch_error
_dl_catch_error
_dl_catch_error
__tunable_get_val
_dl_exception_free
_dl_exception_free
_dl_exception_free
_dl_exception_free
_dl_exception_free
_dl_exception_free
_dl_exception_free
_dl_exception_free
_dl_exception_free
_dl_exception_free
_dl_catch_error
_dl_catch_error
_dl_catch_error
_dl_catch_error
malloc@plt
malloc
.text
_dl_catch_error
_dl_catch_error
.text
_dl_debug_state
_dl_catch_error
_dl_rtld_di_serinfo
_dl_catch_error
calloc@plt
calloc
malloc
_dl_catch_error
_dl_catch_error
_dl_catch_error
malloc@plt
malloc
_dl_catch_error
_dl_mcount
_dl_catch_error
_dl_catch_error
_dl_catch_error
_dl_catch_error
_dl_catch_error
_dl_catch_error
_dl_rtld_di_serinfo
_dl_rtld_di_serinfo
.text
_dl_catch_error
_dl_catch_exception@plt
_dl_catch_exception
_dl_catch_error
_dl_rtld_di_serinfo
.text
_dl_debug_state
_dl_catch_error
_dl_catch_error
_dl_debug_state
_dl_catch_error
_dl_catch_error
_dl_catch_error
malloc@plt
malloc
_dl_catch_error
_dl_catch_error
malloc@plt
malloc
_dl_catch_error
_dl_exception_free
_dl_catch_error
_dl_catch_error
_dl_catch_error
.text
_dl_debug_state
_dl_debug_state
_dl_debug_state
_dl_catch_error
_dl_catch_error
_dl_debug_state
_dl_catch_error
_dl_catch_error
_dl_debug_state
_dl_catch_error
_dl_catch_error
_dl_catch_error
calloc@plt
calloc
malloc
_dl_debug_state
calloc@plt
calloc
malloc
_dl_debug_state
_dl_debug_state
_dl_catch_error
_dl_catch_error
_dl_debug_state
_dl_catch_error
_dl_catch_error
_dl_debug_state
_dl_catch_error
_dl_catch_error
_dl_debug_state
_dl_catch_error
_dl_catch_error
_dl_catch_error
_dl_catch_error
_dl_catch_error
calloc@plt
calloc
malloc
_dl_debug_state
calloc@plt
calloc
malloc
.text
calloc@plt
calloc
malloc
_dl_mcount
_dl_get_tls_static_info
malloc@plt
malloc
calloc@plt
calloc
malloc
_dl_rtld_di_serinfo
_dl_rtld_di_serinfo
_dl_rtld_di_serinfo
_dl_catch_error
_dl_rtld_di_serinfo
_dl_rtld_di_serinfo
_dl_catch_error
_dl_rtld_di_serinfo
_dl_rtld_di_serinfo
_dl_catch_error
_dl_rtld_di_serinfo
_dl_rtld_di_serinfo
_dl_catch_error
_dl_rtld_di_serinfo
_dl_rtld_di_serinfo
_dl_catch_error
_dl_rtld_di_serinfo
_dl_rtld_di_serinfo
_dl_catch_error
_dl_rtld_di_serinfo
_dl_rtld_di_serinfo
_dl_catch_error
_dl_rtld_di_serinfo
_dl_rtld_di_serinfo
_dl_debug_state
_dl_catch_error
_dl_catch_error
_dl_debug_state
_dl_catch_error
_dl_catch_error
_dl_catch_error
_dl_catch_error
_dl_rtld_di_serinfo
_dl_rtld_di_serinfo
_dl_catch_error
_dl_rtld_di_serinfo
_dl_rtld_di_serinfo
_dl_catch_error
_dl_rtld_di_serinfo
_dl_rtld_di_serinfo
_dl_catch_error
_dl_rtld_di_serinfo
_dl_rtld_di_serinfo
_dl_catch_error
_dl_rtld_di_serinfo
_dl_rtld_di_serinfo
_dl_catch_error
_dl_rtld_di_serinfo
_dl_rtld_di_serinfo
_dl_debug_state
_dl_catch_error
_dl_catch_error
_dl_debug_state
_dl_catch_error
_dl_catch_error
_dl_catch_error
_dl_catch_error
_dl_rtld_di_serinfo
_dl_rtld_di_serinfo
_dl_catch_error
_dl_rtld_di_serinfo
_dl_rtld_di_serinfo
_dl_catch_error
_dl_rtld_di_serinfo
_dl_rtld_di_serinfo
_dl_catch_error
_dl_rtld_di_serinfo
_dl_rtld_di_serinfo
_dl_catch_error
_dl_rtld_di_serinfo
_dl_rtld_di_serinfo
_dl_catch_error
_dl_rtld_di_serinfo
_dl_rtld_di_serinfo
_dl_debug_state
_dl_catch_error
_dl_catch_error
_dl_debug_state
_dl_catch_error
_dl_catch_error
_dl_catch_error
_dl_catch_error
_dl_rtld_di_serinfo
_dl_rtld_di_serinfo
_dl_catch_error
_dl_rtld_di_serinfo
_dl_rtld_di_serinfo
_dl_catch_error
_dl_rtld_di_serinfo
_dl_rtld_di_serinfo
_dl_catch_error
_dl_rtld_di_serinfo
_dl_rtld_di_serinfo
_dl_catch_error
_dl_rtld_di_serinfo
_dl_rtld_di_serinfo
_dl_catch_error
_dl_rtld_di_serinfo
_dl_rtld_di_serinfo
_dl_catch_error
_dl_rtld_di_serinfo
_dl_rtld_di_serinfo
_dl_catch_error
_dl_rtld_di_serinfo
_dl_rtld_di_serinfo
_dl_catch_error
_dl_rtld_di_serinfo
_dl_rtld_di_serinfo
_dl_catch_error
_dl_rtld_di_serinfo
_dl_rtld_di_serinfo
_dl_catch_error
_dl_rtld_di_serinfo
_dl_rtld_di_serinfo
_dl_catch_error
_dl_rtld_di_serinfo
_dl_rtld_di_serinfo
_dl_catch_error
_dl_rtld_di_serinfo
_dl_rtld_di_serinfo
_dl_catch_error
_dl_rtld_di_serinfo
_dl_rtld_di_serinfo
_dl_catch_error
_dl_rtld_di_serinfo
_dl_rtld_di_serinfo
_dl_catch_error
_dl_rtld_di_serinfo
_dl_rtld_di_serinfo
_dl_catch_error
_dl_rtld_di_serinfo
_dl_rtld_di_serinfo
_dl_catch_error
_dl_rtld_di_serinfo
_dl_rtld_di_serinfo
_dl_catch_error
_dl_rtld_di_serinfo
_dl_rtld_di_serinfo
_dl_catch_error
_dl_rtld_di_serinfo
_dl_rtld_di_serinfo
_dl_catch_error
_dl_rtld_di_serinfo
_dl_rtld_di_serinfo
_dl_catch_error
_dl_rtld_di_serinfo
_dl_rtld_di_serinfo
_dl_catch_error
_dl_rtld_di_serinfo
_dl_rtld_di_serinfo
_dl_catch_error
_dl_rtld_di_serinfo
_dl_rtld_di_serinfo
_dl_catch_error
_dl_rtld_di_serinfo
_dl_rtld_di_serinfo
_dl_rtld_di_serinfo
_dl_rtld_di_serinfo
_dl_catch_error
_dl_rtld_di_serinfo
_dl_rtld_di_serinfo
_dl_catch_error
_dl_rtld_di_serinfo
_dl_rtld_di_serinfo
_dl_catch_error
_dl_rtld_di_serinfo
_dl_rtld_di_serinfo
_dl_catch_error
_dl_rtld_di_serinfo
_dl_rtld_di_serinfo
_dl_catch_error
_dl_rtld_di_serinfo
_dl_rtld_di_serinfo
_dl_catch_error
_dl_rtld_di_serinfo
_dl_rtld_di_serinfo
_dl_catch_error
_dl_rtld_di_serinfo
_dl_rtld_di_serinfo
_dl_catch_error
_dl_rtld_di_serinfo
_dl_rtld_di_serinfo
_dl_catch_error
_dl_rtld_di_serinfo
_dl_rtld_di_serinfo
_dl_catch_error
_dl_rtld_di_serinfo
_dl_rtld_di_serinfo
_dl_catch_error
_dl_rtld_di_serinfo
_dl_rtld_di_serinfo
_dl_catch_error
_dl_rtld_di_serinfo
_dl_rtld_di_serinfo
_dl_catch_error
_dl_rtld_di_serinfo
_dl_rtld_di_serinfo
_dl_catch_error
_dl_rtld_di_serinfo
_dl_rtld_di_serinfo
_dl_catch_error
_dl_rtld_di_serinfo
_dl_rtld_di_serinfo
_dl_catch_error
_dl_rtld_di_serinfo
_dl_rtld_di_serinfo
_dl_catch_error
_dl_rtld_di_serinfo
_dl_rtld_di_serinfo
_dl_catch_error
_dl_rtld_di_serinfo
_dl_rtld_di_serinfo
_dl_catch_error
_dl_rtld_di_serinfo
_dl_rtld_di_serinfo
_dl_debug_state
_dl_catch_error
_dl_catch_error
_dl_debug_state
_dl_catch_error
_dl_catch_error
_dl_catch_error
_dl_catch_error
_dl_rtld_di_serinfo
_dl_rtld_di_serinfo
_dl_catch_error
_dl_rtld_di_serinfo
_dl_rtld_di_serinfo
_dl_catch_error
_dl_rtld_di_serinfo
_dl_rtld_di_serinfo
_dl_catch_error
_dl_rtld_di_serinfo
_dl_rtld_di_serinfo
_dl_catch_error
invalid_rtn
invalid_rtn
invalid_rtn
invalid_rtn
invalid_rtn
invalid_rtn
invalid_rtn
_dl_rtld_di_serinfo
_dl_rtld_di_serinfo
_dl_catch_error
_dl_catch_error
invalid_rtn
invalid_rtn
invalid_rtn
invalid_rtn
invalid_rtn
invalid_rtn
invalid_rtn
invalid_rtn
invalid_rtn
invalid_rtn
invalid_rtn
invalid_rtn
invalid_rtn
invalid_rtn
invalid_rtn
invalid_rtn
invalid_rtn
invalid_rtn
invalid_rtn
invalid_rtn
invalid_rtn
invalid_rtn
invalid_rtn
invalid_rtn
invalid_rtn
invalid_rtn
invalid_rtn
invalid_rtn
invalid_rtn
invalid_rtn
invalid_rtn
invalid_rtn
invalid_rtn
_dl_rtld_di_serinfo
_dl_rtld_di_serinfo
_dl_catch_error
_dl_catch_error
invalid_rtn
_dl_catch_error
_dl_deallocate_tls
_dl_rtld_di_serinfo
_dl_rtld_di_serinfo
_dl_rtld_di_serinfo
_dl_rtld_di_serinfo
_dl_rtld_di_serinfo
_dl_debug_state
_dl_catch_error
_dl_catch_error
_dl_catch_error
_dl_catch_error
_dl_rtld_di_serinfo
_dl_rtld_di_serinfo
_dl_rtld_di_serinfo
_dl_rtld_di_serinfo
_dl_rtld_di_serinfo
_dl_rtld_di_serinfo
_dl_debug_state
_dl_catch_error
_dl_catch_error
_dl_catch_error
_dl_catch_error
_dl_rtld_di_serinfo
_dl_rtld_di_serinfo
_dl_debug_state
_dl_catch_error
_dl_catch_error
_dl_catch_error
_dl_catch_error
invalid_rtn
_dl_rtld_di_serinfo
_dl_rtld_di_serinfo
_dl_debug_state
_dl_catch_error
_dl_catch_error
_dl_catch_error
_dl_catch_error
_dl_catch_error
_dl_allocate_tls_init
_dl_catch_error
_dl_catch_error
_dl_rtld_di_serinfo
_dl_rtld_di_serinfo
_dl_rtld_di_serinfo
_dl_catch_error
_dl_rtld_di_serinfo
_dl_rtld_di_serinfo
_dl_catch_error
_dl_catch_error
_dl_rtld_di_serinfo
_dl_rtld_di_serinfo
_dl_catch_error
_dl_catch_error
_dl_rtld_di_serinfo
_dl_rtld_di_serinfo
_dl_catch_error
_dl_catch_error
_dl_rtld_di_serinfo
_dl_rtld_di_serinfo
_dl_catch_error
_dl_catch_error
_dl_rtld_di_serinfo
_dl_rtld_di_serinfo
_dl_catch_error
_dl_catch_error
_dl_rtld_di_serinfo
_dl_rtld_di_serinfo
_dl_catch_error
_dl_catch_error
_dl_rtld_di_serinfo
_dl_rtld_di_serinfo
_dl_catch_error
_dl_catch_error
_dl_rtld_di_serinfo
_dl_rtld_di_serinfo
_dl_catch_error
_dl_catch_error
_dl_catch_error
__get_cpu_features
_dl_debug_state
_dl_debug_state
_dl_exception_free
_dl_catch_error
_dl_rtld_di_serinfo
_init
_dl_catch_error
_dl_rtld_di_serinfo
_dl_rtld_di_serinfo
_dl_catch_error
_dl_catch_error
_dl_catch_error
_dl_rtld_di_serinfo
_dl_rtld_di_serinfo
_dl_catch_error
_dl_catch_error
gnu_dev_makedev
@plt
__nss_group_lookup
__ctype_init
.text
__bzero
__bzero
__bzero
__bzero
__bzero
__bzero
__bzero
__bzero
__bzero
__libc_start_main
__cxa_atexit
on_exit
__libc_csu_init
_init
frame_dummy
_setjmp
main
memset@plt
__nss_group_lookup
read@plt
__read
exit
__secure_getenv
__call_tls_dtors
_dl_rtld_di_serinfo
.text
_dl_exception_free
_dl_catch_error
_dl_catch_error
_dl_catch_error
.text
__do_global_dtors_aux
.plt.got
__register_atfork
deregister_tm_clones
_fini
_IO_adjust_column
_IO_adjust_column
_Exit
# eof
