#
# static counts
#
#num category   count-unpredicated count-predicated count-predicated-true
#
  0 INVALID                   0         482           0
  1 3DNOW                     0         651           0
  4 AVX                       0        1528           0
  6 AVX2GATHER                0         362           0
  7 AVX512                    0           1         105
  9 AVX512_4VNNIW             0         377           0
 11 AVX512_VBMI               0          29           0
 12 BINARY                22272           0           0
 13 BITBYTE                  36        7485           0
 18 CALL                   7750           0           0
 19 CET                       0        5200           0
 20 CLFLUSHOPT                0         277           0
 23 CMOV                      0         650           0
 25 COND_BR               19761           0           0
 27 CONVERT                 309           0           0
 28 DATAXFER              59146           0           0
 32 FLAGOP                    3           0           0
 41 LOGICAL               16458           0           0
 42 LOGICAL_FP               23           0           0
 44 MISC                  10585           0           0
 47 NOP                     884           0           0
 50 PKU                       3           0           0
 51 POP                    4475           0           0
 52 PREFETCH                  4           0           0
 55 PUSH                   4157           0           0
 56 RDPID                     1           0           0
 60 RET                    2574           0           0
 61 ROTATE                  259           0           0

#
# dynamic counts
#
#num category   count-unpredicated count-predicated count-predicated-true
#
  0 INVALID                   0           7           0
  1 3DNOW                     0         351           0
  4 AVX                       2        3337           0
  5 AVX2                      4           0           0
  6 AVX2GATHER                0        1192           0
  9 AVX512_4VNNIW             0          24           0
 11 AVX512_VBMI               0           9           0
 12 BINARY                25504           0           0
 13 BITBYTE                 180         909           0
 17 BROADCAST                 2           0           0
 18 CALL                    604           0           0
 19 CET                       0         413           0
 22 CLZERO                    0           1           0
 23 CMOV                      0         177           0
 25 COND_BR               20343           0           0
 27 CONVERT                   4           0           0
 28 DATAXFER              33290           0           0
 41 LOGICAL               12505           0           0
 44 MISC                   3500           0           0
 47 NOP                      51           0           0
 51 POP                    1627           0           0
 55 PUSH                   2178           0           0
 60 RET                     600           0           0
 61 ROTATE                   13           0           0
# eof
