#
# static counts
#
#num length  count-unpredicated count-predicated count-predicated-true
#
  1   1                    7097           0           0
  2   2                   30992          65           0
  3   3                   35606         186           0
  4   4                   24264         452           0
  5   5                   27451          28           0
  6   6                   14402           5           0
  7   7                   17667          10           0
  8   8                    3638           8           0
  9   9                    2169           1           0
 10  10                    1383           0           0
 11  11                     344           0           0
 12  12                      79           0           0
avg unpredicated: 4.16421

#
# dynamic counts
#
#num length  count-unpredicated count-predicated count-predicated-true
#
  1   1                    2206           0           0
  2   2                   23604           0           0
  3   3                   30765         327           0
  4   4                   27348         137           0
  5   5                    6886           0           0
  6   6                    8246           0           0
  7   7                    4918           0           0
  8   8                    1822           0           0
  9   9                     515           0           0
 10  10                     174           0           0
 11  11                     120           0           0
avg unpredicated: 3.67438
# eof
