malloc(0x591)
  returns 0x7f94d5aec170
malloc(0x491)
  returns 0x7f94d5aec710
malloc(0x10)
  returns 0x7f94d5aecbb0
malloc(0x9d)
  returns 0x7f94d5aecbc0
malloc(0x28)
  returns 0x7f94d5aecc60
malloc(0x140)
  returns 0x7f94d5aecc90
malloc(0x20)
  returns 0x7f94d5aecdd0
malloc(0x49a)
  returns 0x7f94c226d000
malloc(0x20)
  returns 0x7f94c226d4a0
malloc(0x28)
  returns 0x7f94c226d4c0
malloc(0x38)
  returns 0x7f94c226d4f0
malloc(0xc0)
  returns 0x7f94c226d530
malloc(0x48)
  returns 0x7f94c226d5f0
malloc(0x300)
  returns 0x7f94c226d640
malloc(0x90)
  returns 0x7f94c226d940
malloc(0x410)
  returns 0x7f94c226d9d0
malloc(0x1088)
  returns 0x7f94c226dde0
malloc(0x110)
  returns 0x7f94c226ee70
malloc(0x20)
malloc(0x20)
  returns 0x55ebc0153290
malloc(0x20)
  returns 0x55ebc01532c0
malloc(0x20)
  returns 0x55ebc01532f0
malloc(0x20)
  returns 0x55ebc0153320
malloc(0x20)
  returns 0x55ebc0153350
malloc(0x20)
  returns 0x55ebc0153380
malloc(0x20)
  returns 0x55ebc01533b0
malloc(0x20)
  returns 0x55ebc01533e0
malloc(0x20)
  returns 0x55ebc0153410
malloc(0x20)
  returns 0x55ebc0153440
malloc(0x20)
  returns 0x55ebc0153470
malloc(0x20)
  returns 0x55ebc01534a0
malloc(0x20)
  returns 0x55ebc01534d0
malloc(0x20)
  returns 0x55ebc0153500
malloc(0x20)
  returns 0x55ebc0153530
malloc(0x20)
  returns 0x55ebc0153560
malloc(0x20)
  returns 0x55ebc0153590
malloc(0x20)
  returns 0x55ebc01535c0
malloc(0x20)
  returns 0x55ebc01535f0
malloc(0x20)
  returns 0x55ebc0153620
malloc(0x20)
  returns 0x55ebc0153650
malloc(0x20)
  returns 0x55ebc0153680
malloc(0x20)
  returns 0x55ebc01536b0
malloc(0x20)
  returns 0x55ebc01536e0
malloc(0x20)
  returns 0x55ebc0153710
malloc(0x20)
  returns 0x55ebc0153740
malloc(0x20)
  returns 0x55ebc0153770
malloc(0x20)
  returns 0x55ebc01537a0
malloc(0x20)
  returns 0x55ebc01537d0
malloc(0x20)
  returns 0x55ebc0153800
malloc(0x20)
  returns 0x55ebc0153830
malloc(0x20)
  returns 0x55ebc0153860
malloc(0x20)
  returns 0x55ebc0153890
malloc(0x20)
  returns 0x55ebc01538c0
malloc(0x20)
  returns 0x55ebc01538f0
malloc(0x20)
  returns 0x55ebc0153920
malloc(0x20)
  returns 0x55ebc0153950
malloc(0x20)
  returns 0x55ebc0153980
malloc(0x20)
  returns 0x55ebc01539b0
malloc(0x20)
  returns 0x55ebc01539e0
malloc(0x20)
  returns 0x55ebc0153a10
malloc(0x20)
  returns 0x55ebc0153a40
malloc(0x20)
  returns 0x55ebc0153a70
malloc(0x9)
  returns 0x55ebc0153aa0
malloc(0x20)
  returns 0x55ebc0153ac0
malloc(0x1c)
  returns 0x55ebc0153af0
malloc(0x20)
  returns 0x55ebc0153b20
malloc(0x10)
  returns 0x55ebc0153b50
malloc(0x1b)
  returns 0x55ebc0153b70
free(0x55ebc0153b50)
malloc(0x200)
  returns 0x55ebc0153ba0
malloc(0x10)
  returns 0x55ebc0153b50
malloc(0x1c)
  returns 0x55ebc0153db0
free(0x55ebc0153b50)
malloc(0xbb)
  returns 0x55ebc0153de0
malloc(0x1c)
  returns 0x55ebc0153eb0
free(0x55ebc0153ba0)
malloc(0x10)
  returns 0x55ebc0153b50
malloc(0x20)
  returns 0x55ebc0153ee0
malloc(0x20)
  returns 0x55ebc0153f10
malloc(0xd)
  returns 0x55ebc0153f40
free(0x55ebc0153b50)
free(0x55ebc0153ee0)
malloc(0x200)
  returns 0x55ebc0153ba0
malloc(0x10)
  returns 0x55ebc0153b50
malloc(0x1f)
  returns 0x55ebc0153ee0
malloc(0x9)
  returns 0x55ebc0153f60
free(0x55ebc0153aa0)
malloc(0xc)
  returns 0x55ebc0153aa0
malloc(0x20)
  returns 0x55ebc0153f80
free(0x55ebc0153b50)
free(0x55ebc0153ba0)
malloc(0x10)
  returns 0x55ebc0153b50
malloc(0x1d)
  returns 0x55ebc0153fb0
free(0x55ebc0153b50)
malloc(0x10)
  returns 0x55ebc0153b50
malloc(0x200)
  returns 0x55ebc0153ba0
malloc(0x19)
  returns 0x55ebc0153fe0
free(0x55ebc0153b50)
free(0x55ebc0153ba0)
malloc(0x10)
  returns 0x55ebc0153b50
malloc(0x20)
  returns 0x55ebc0154010
malloc(0x20)
  returns 0x55ebc0154040
malloc(0x9)
  returns 0x55ebc0154070
free(0x55ebc0153b50)
free(0x55ebc0154010)
malloc(0x208)
  returns 0x55ebc0153ba0
free(0x55ebc0153ba0)
malloc(0x200)
  returns 0x55ebc0153ba0
malloc(0x200)
  returns 0x55ebc0154090
malloc(0x200)
  returns 0x55ebc01542a0
malloc(0x200)
  returns 0x55ebc01544b0
malloc(0x200)
  returns 0x55ebc01546c0
malloc(0x200)
  returns 0x55ebc01548d0
malloc(0x200)
  returns 0x55ebc0154ae0
free(0x55ebc0154ae0)
free(0x55ebc01548d0)
free(0x55ebc01546c0)
free(0x55ebc01544b0)
free(0x55ebc01542a0)
free(0x55ebc0154090)
free(0x55ebc0153ba0)
malloc(0x10)
  returns 0x55ebc0153b50
malloc(0x1c)
  returns 0x55ebc0154010
free(0x55ebc0153b50)
